{"/Users/kean/Desktop/taskhubnodejs/server/index.js": {"path":"/Users/kean/Desktop/taskhubnodejs/server/index.js","statementMap":{"0":{"start":{"line":1,"column":16},"end":{"line":1,"column":34}},"1":{"start":{"line":2,"column":13},"end":{"line":2,"column":28}},"2":{"start":{"line":3,"column":0},"end":{"line":3,"column":27}},"3":{"start":{"line":4,"column":17},"end":{"line":4,"column":36}},"4":{"start":{"line":5,"column":12},"end":{"line":5,"column":21}},"5":{"start":{"line":6,"column":20},"end":{"line":6,"column":54}},"6":{"start":{"line":7,"column":19},"end":{"line":7,"column":52}},"7":{"start":{"line":8,"column":21},"end":{"line":8,"column":56}},"8":{"start":{"line":9,"column":21},"end":{"line":9,"column":56}},"9":{"start":{"line":10,"column":19},"end":{"line":10,"column":52}},"10":{"start":{"line":11,"column":25},"end":{"line":11,"column":71}},"11":{"start":{"line":13,"column":0},"end":{"line":13,"column":16}},"12":{"start":{"line":14,"column":0},"end":{"line":14,"column":24}},"13":{"start":{"line":16,"column":0},"end":{"line":16,"column":31}},"14":{"start":{"line":17,"column":0},"end":{"line":17,"column":39}},"15":{"start":{"line":18,"column":0},"end":{"line":18,"column":33}},"16":{"start":{"line":19,"column":0},"end":{"line":19,"column":33}},"17":{"start":{"line":20,"column":0},"end":{"line":20,"column":31}},"18":{"start":{"line":22,"column":0},"end":{"line":22,"column":22}},"19":{"start":{"line":24,"column":20},"end":{"line":46,"column":1}},"20":{"start":{"line":25,"column":2},"end":{"line":45,"column":3}},"21":{"start":{"line":26,"column":16},"end":{"line":26,"column":53}},"22":{"start":{"line":27,"column":4},"end":{"line":30,"column":5}},"23":{"start":{"line":28,"column":6},"end":{"line":28,"column":73}},"24":{"start":{"line":29,"column":6},"end":{"line":29,"column":13}},"25":{"start":{"line":31,"column":19},"end":{"line":31,"column":62}},"26":{"start":{"line":32,"column":4},"end":{"line":38,"column":6}},"27":{"start":{"line":39,"column":4},"end":{"line":39,"column":40}},"28":{"start":{"line":40,"column":4},"end":{"line":42,"column":7}},"29":{"start":{"line":41,"column":6},"end":{"line":41,"column":59}},"30":{"start":{"line":44,"column":4},"end":{"line":44,"column":57}},"31":{"start":{"line":48,"column":0},"end":{"line":48,"column":14}},"32":{"start":{"line":50,"column":0},"end":{"line":50,"column":21}}},"fnMap":{"0":{"name":"(anonymous_0)","decl":{"start":{"line":24,"column":20},"end":{"line":24,"column":21}},"loc":{"start":{"line":24,"column":32},"end":{"line":46,"column":1}},"line":24},"1":{"name":"(anonymous_1)","decl":{"start":{"line":40,"column":28},"end":{"line":40,"column":29}},"loc":{"start":{"line":40,"column":34},"end":{"line":42,"column":5}},"line":40}},"branchMap":{"0":{"loc":{"start":{"line":26,"column":16},"end":{"line":26,"column":53}},"type":"binary-expr","locations":[{"start":{"line":26,"column":16},"end":{"line":26,"column":36}},{"start":{"line":26,"column":40},"end":{"line":26,"column":53}}],"line":26},"1":{"loc":{"start":{"line":27,"column":4},"end":{"line":30,"column":5}},"type":"if","locations":[{"start":{"line":27,"column":4},"end":{"line":30,"column":5}},{"start":{},"end":{}}],"line":27}},"s":{"0":5,"1":5,"2":5,"3":5,"4":5,"5":5,"6":5,"7":5,"8":5,"9":5,"10":5,"11":5,"12":5,"13":5,"14":5,"15":5,"16":5,"17":5,"18":5,"19":5,"20":5,"21":5,"22":5,"23":5,"24":5,"25":0,"26":0,"27":0,"28":0,"29":0,"30":0,"31":5,"32":5},"f":{"0":5,"1":0},"b":{"0":[5,0],"1":[5,0]},"_coverageSchema":"1a1c01bbd47fc00a2c39e90264f33305004495a9","hash":"ae5ca00469b1c0cef0e276ce28eb8b547730fe6e"}
,"/Users/kean/Desktop/taskhubnodejs/server/src/controllers/boardController.js": {"path":"/Users/kean/Desktop/taskhubnodejs/server/src/controllers/boardController.js","statementMap":{"0":{"start":{"line":1,"column":25},"end":{"line":1,"column":60}},"1":{"start":{"line":8,"column":4},"end":{"line":8,"column":40}},"2":{"start":{"line":10,"column":20},"end":{"line":13,"column":2}},"3":{"start":{"line":11,"column":16},"end":{"line":11,"column":61}},"4":{"start":{"line":12,"column":2},"end":{"line":12,"column":30}},"5":{"start":{"line":15,"column":18},"end":{"line":18,"column":2}},"6":{"start":{"line":16,"column":17},"end":{"line":16,"column":57}},"7":{"start":{"line":17,"column":2},"end":{"line":17,"column":31}},"8":{"start":{"line":20,"column":17},"end":{"line":26,"column":2}},"9":{"start":{"line":21,"column":16},"end":{"line":24,"column":3}},"10":{"start":{"line":25,"column":2},"end":{"line":25,"column":30}},"11":{"start":{"line":28,"column":20},"end":{"line":35,"column":2}},"12":{"start":{"line":29,"column":23},"end":{"line":33,"column":3}},"13":{"start":{"line":34,"column":2},"end":{"line":34,"column":37}},"14":{"start":{"line":37,"column":20},"end":{"line":43,"column":2}},"15":{"start":{"line":38,"column":23},"end":{"line":41,"column":3}},"16":{"start":{"line":42,"column":2},"end":{"line":42,"column":69}},"17":{"start":{"line":45,"column":0},"end":{"line":51,"column":2}}},"fnMap":{"0":{"name":"(anonymous_0)","decl":{"start":{"line":10,"column":33},"end":{"line":10,"column":34}},"loc":{"start":{"line":10,"column":53},"end":{"line":13,"column":1}},"line":10},"1":{"name":"(anonymous_1)","decl":{"start":{"line":15,"column":31},"end":{"line":15,"column":32}},"loc":{"start":{"line":15,"column":51},"end":{"line":18,"column":1}},"line":15},"2":{"name":"(anonymous_2)","decl":{"start":{"line":20,"column":30},"end":{"line":20,"column":31}},"loc":{"start":{"line":20,"column":50},"end":{"line":26,"column":1}},"line":20},"3":{"name":"(anonymous_3)","decl":{"start":{"line":28,"column":33},"end":{"line":28,"column":34}},"loc":{"start":{"line":28,"column":53},"end":{"line":35,"column":1}},"line":28},"4":{"name":"(anonymous_4)","decl":{"start":{"line":37,"column":33},"end":{"line":37,"column":34}},"loc":{"start":{"line":37,"column":53},"end":{"line":43,"column":1}},"line":37}},"branchMap":{},"s":{"0":5,"1":5,"2":5,"3":1,"4":1,"5":5,"6":1,"7":1,"8":5,"9":1,"10":1,"11":5,"12":1,"13":1,"14":5,"15":1,"16":1,"17":5},"f":{"0":1,"1":1,"2":1,"3":1,"4":1},"b":{},"_coverageSchema":"1a1c01bbd47fc00a2c39e90264f33305004495a9","hash":"620a38d5ccb201d55b9cc8018e86bd8fad75e325"}
,"/Users/kean/Desktop/taskhubnodejs/server/src/controllers/columnController.js": {"path":"/Users/kean/Desktop/taskhubnodejs/server/src/controllers/columnController.js","statementMap":{"0":{"start":{"line":1,"column":25},"end":{"line":1,"column":60}},"1":{"start":{"line":7,"column":4},"end":{"line":7,"column":40}},"2":{"start":{"line":9,"column":19},"end":{"line":15,"column":2}},"3":{"start":{"line":10,"column":18},"end":{"line":13,"column":3}},"4":{"start":{"line":14,"column":2},"end":{"line":14,"column":32}},"5":{"start":{"line":17,"column":21},"end":{"line":24,"column":2}},"6":{"start":{"line":18,"column":17},"end":{"line":22,"column":3}},"7":{"start":{"line":23,"column":2},"end":{"line":23,"column":31}},"8":{"start":{"line":26,"column":21},"end":{"line":34,"column":2}},"9":{"start":{"line":27,"column":24},"end":{"line":32,"column":3}},"10":{"start":{"line":33,"column":2},"end":{"line":33,"column":38}},"11":{"start":{"line":36,"column":21},"end":{"line":43,"column":2}},"12":{"start":{"line":37,"column":2},"end":{"line":41,"column":4}},"13":{"start":{"line":42,"column":2},"end":{"line":42,"column":54}},"14":{"start":{"line":45,"column":0},"end":{"line":45,"column":74}}},"fnMap":{"0":{"name":"(anonymous_0)","decl":{"start":{"line":9,"column":32},"end":{"line":9,"column":33}},"loc":{"start":{"line":9,"column":52},"end":{"line":15,"column":1}},"line":9},"1":{"name":"(anonymous_1)","decl":{"start":{"line":17,"column":34},"end":{"line":17,"column":35}},"loc":{"start":{"line":17,"column":54},"end":{"line":24,"column":1}},"line":17},"2":{"name":"(anonymous_2)","decl":{"start":{"line":26,"column":34},"end":{"line":26,"column":35}},"loc":{"start":{"line":26,"column":54},"end":{"line":34,"column":1}},"line":26},"3":{"name":"(anonymous_3)","decl":{"start":{"line":36,"column":34},"end":{"line":36,"column":35}},"loc":{"start":{"line":36,"column":54},"end":{"line":43,"column":1}},"line":36}},"branchMap":{},"s":{"0":5,"1":5,"2":5,"3":1,"4":1,"5":5,"6":2,"7":1,"8":5,"9":1,"10":1,"11":5,"12":1,"13":1,"14":5},"f":{"0":1,"1":2,"2":1,"3":1},"b":{},"_coverageSchema":"1a1c01bbd47fc00a2c39e90264f33305004495a9","hash":"9b0c9d6cb5f28981110b8850845fe7c706fb9bf6"}
,"/Users/kean/Desktop/taskhubnodejs/server/src/controllers/memberController.js": {"path":"/Users/kean/Desktop/taskhubnodejs/server/src/controllers/memberController.js","statementMap":{"0":{"start":{"line":1,"column":25},"end":{"line":1,"column":60}},"1":{"start":{"line":6,"column":4},"end":{"line":6,"column":40}},"2":{"start":{"line":8,"column":23},"end":{"line":11,"column":2}},"3":{"start":{"line":9,"column":18},"end":{"line":9,"column":78}},"4":{"start":{"line":10,"column":2},"end":{"line":10,"column":32}},"5":{"start":{"line":13,"column":18},"end":{"line":20,"column":2}},"6":{"start":{"line":14,"column":17},"end":{"line":18,"column":3}},"7":{"start":{"line":19,"column":2},"end":{"line":19,"column":31}},"8":{"start":{"line":22,"column":21},"end":{"line":31,"column":2}},"9":{"start":{"line":23,"column":2},"end":{"line":27,"column":4}},"10":{"start":{"line":28,"column":2},"end":{"line":30,"column":73}},"11":{"start":{"line":33,"column":0},"end":{"line":33,"column":61}}},"fnMap":{"0":{"name":"(anonymous_0)","decl":{"start":{"line":8,"column":36},"end":{"line":8,"column":37}},"loc":{"start":{"line":8,"column":56},"end":{"line":11,"column":1}},"line":8},"1":{"name":"(anonymous_1)","decl":{"start":{"line":13,"column":31},"end":{"line":13,"column":32}},"loc":{"start":{"line":13,"column":51},"end":{"line":20,"column":1}},"line":13},"2":{"name":"(anonymous_2)","decl":{"start":{"line":22,"column":34},"end":{"line":22,"column":35}},"loc":{"start":{"line":22,"column":54},"end":{"line":31,"column":1}},"line":22}},"branchMap":{},"s":{"0":5,"1":5,"2":5,"3":1,"4":1,"5":5,"6":4,"7":1,"8":5,"9":1,"10":1,"11":5},"f":{"0":1,"1":4,"2":1},"b":{},"_coverageSchema":"1a1c01bbd47fc00a2c39e90264f33305004495a9","hash":"478408715607ce036fc4defbc3c8c70811b22da3"}
,"/Users/kean/Desktop/taskhubnodejs/server/src/controllers/taskController.js": {"path":"/Users/kean/Desktop/taskhubnodejs/server/src/controllers/taskController.js","statementMap":{"0":{"start":{"line":1,"column":25},"end":{"line":1,"column":60}},"1":{"start":{"line":6,"column":4},"end":{"line":6,"column":38}},"2":{"start":{"line":8,"column":16},"end":{"line":15,"column":2}},"3":{"start":{"line":9,"column":21},"end":{"line":13,"column":3}},"4":{"start":{"line":14,"column":2},"end":{"line":14,"column":35}},"5":{"start":{"line":17,"column":19},"end":{"line":25,"column":2}},"6":{"start":{"line":18,"column":21},"end":{"line":23,"column":3}},"7":{"start":{"line":24,"column":2},"end":{"line":24,"column":35}},"8":{"start":{"line":27,"column":19},"end":{"line":34,"column":2}},"9":{"start":{"line":28,"column":2},"end":{"line":32,"column":4}},"10":{"start":{"line":33,"column":2},"end":{"line":33,"column":65}},"11":{"start":{"line":36,"column":0},"end":{"line":36,"column":53}}},"fnMap":{"0":{"name":"(anonymous_0)","decl":{"start":{"line":8,"column":29},"end":{"line":8,"column":30}},"loc":{"start":{"line":8,"column":49},"end":{"line":15,"column":1}},"line":8},"1":{"name":"(anonymous_1)","decl":{"start":{"line":17,"column":32},"end":{"line":17,"column":33}},"loc":{"start":{"line":17,"column":52},"end":{"line":25,"column":1}},"line":17},"2":{"name":"(anonymous_2)","decl":{"start":{"line":27,"column":32},"end":{"line":27,"column":33}},"loc":{"start":{"line":27,"column":52},"end":{"line":34,"column":1}},"line":27}},"branchMap":{},"s":{"0":5,"1":5,"2":5,"3":2,"4":2,"5":5,"6":0,"7":0,"8":5,"9":0,"10":0,"11":5},"f":{"0":2,"1":0,"2":0},"b":{},"_coverageSchema":"1a1c01bbd47fc00a2c39e90264f33305004495a9","hash":"00a28d41a41e25cc2aa880b85bd508868859c24c"}
,"/Users/kean/Desktop/taskhubnodejs/server/src/controllers/userController.js": {"path":"/Users/kean/Desktop/taskhubnodejs/server/src/controllers/userController.js","statementMap":{"0":{"start":{"line":1,"column":25},"end":{"line":1,"column":60}},"1":{"start":{"line":2,"column":28},"end":{"line":2,"column":72}},"2":{"start":{"line":3,"column":21},"end":{"line":3,"column":58}},"3":{"start":{"line":5,"column":21},"end":{"line":8,"column":2}},"4":{"start":{"line":6,"column":2},"end":{"line":6,"column":27}},"5":{"start":{"line":7,"column":2},"end":{"line":7,"column":71}},"6":{"start":{"line":10,"column":18},"end":{"line":17,"column":2}},"7":{"start":{"line":11,"column":40},"end":{"line":11,"column":61}},"8":{"start":{"line":12,"column":2},"end":{"line":16,"column":5}},"9":{"start":{"line":19,"column":17},"end":{"line":28,"column":2}},"10":{"start":{"line":20,"column":27},"end":{"line":20,"column":35}},"11":{"start":{"line":21,"column":2},"end":{"line":27,"column":3}},"12":{"start":{"line":22,"column":4},"end":{"line":26,"column":6}},"13":{"start":{"line":30,"column":0},"end":{"line":34,"column":2}}},"fnMap":{"0":{"name":"(anonymous_0)","decl":{"start":{"line":5,"column":34},"end":{"line":5,"column":35}},"loc":{"start":{"line":5,"column":54},"end":{"line":8,"column":1}},"line":5},"1":{"name":"(anonymous_1)","decl":{"start":{"line":10,"column":31},"end":{"line":10,"column":32}},"loc":{"start":{"line":10,"column":51},"end":{"line":17,"column":1}},"line":10},"2":{"name":"(anonymous_2)","decl":{"start":{"line":19,"column":30},"end":{"line":19,"column":31}},"loc":{"start":{"line":19,"column":45},"end":{"line":28,"column":1}},"line":19}},"branchMap":{"0":{"loc":{"start":{"line":21,"column":2},"end":{"line":27,"column":3}},"type":"if","locations":[{"start":{"line":21,"column":2},"end":{"line":27,"column":3}},{"start":{},"end":{}}],"line":21}},"s":{"0":5,"1":5,"2":5,"3":5,"4":2,"5":1,"6":5,"7":31,"8":29,"9":5,"10":0,"11":0,"12":0,"13":5},"f":{"0":2,"1":31,"2":0},"b":{"0":[0,0]},"_coverageSchema":"1a1c01bbd47fc00a2c39e90264f33305004495a9","hash":"f3679d8a89cbd702199b79bd69c02a5ee5fe7221"}
,"/Users/kean/Desktop/taskhubnodejs/server/src/middleware/customerrors.js": {"path":"/Users/kean/Desktop/taskhubnodejs/server/src/middleware/customerrors.js","statementMap":{"0":{"start":{"line":3,"column":4},"end":{"line":3,"column":19}},"1":{"start":{"line":4,"column":4},"end":{"line":4,"column":33}},"2":{"start":{"line":5,"column":4},"end":{"line":5,"column":25}},"3":{"start":{"line":6,"column":4},"end":{"line":6,"column":46}},"4":{"start":{"line":12,"column":4},"end":{"line":12,"column":19}},"5":{"start":{"line":13,"column":4},"end":{"line":13,"column":46}},"6":{"start":{"line":17,"column":0},"end":{"line":17,"column":47}}},"fnMap":{"0":{"name":"(anonymous_0)","decl":{"start":{"line":2,"column":2},"end":{"line":2,"column":3}},"loc":{"start":{"line":2,"column":43},"end":{"line":7,"column":3}},"line":2},"1":{"name":"(anonymous_1)","decl":{"start":{"line":11,"column":2},"end":{"line":11,"column":3}},"loc":{"start":{"line":11,"column":23},"end":{"line":14,"column":3}},"line":11}},"branchMap":{},"s":{"0":13,"1":13,"2":13,"3":13,"4":6,"5":6,"6":6},"f":{"0":13,"1":6},"b":{},"_coverageSchema":"1a1c01bbd47fc00a2c39e90264f33305004495a9","hash":"7b50f1a67fa1755be6add8c391ba3beb6902b156"}
,"/Users/kean/Desktop/taskhubnodejs/server/src/middleware/globalerrorhandler.js": {"path":"/Users/kean/Desktop/taskhubnodejs/server/src/middleware/globalerrorhandler.js","statementMap":{"0":{"start":{"line":1,"column":38},"end":{"line":1,"column":63}},"1":{"start":{"line":4,"column":21},"end":{"line":33,"column":1}},"2":{"start":{"line":5,"column":2},"end":{"line":32,"column":3}},"3":{"start":{"line":6,"column":4},"end":{"line":13,"column":7}},"4":{"start":{"line":14,"column":9},"end":{"line":32,"column":3}},"5":{"start":{"line":15,"column":4},"end":{"line":21,"column":7}},"6":{"start":{"line":23,"column":4},"end":{"line":23,"column":43}},"7":{"start":{"line":24,"column":4},"end":{"line":31,"column":7}},"8":{"start":{"line":35,"column":0},"end":{"line":35,"column":34}}},"fnMap":{"0":{"name":"(anonymous_0)","decl":{"start":{"line":4,"column":21},"end":{"line":4,"column":22}},"loc":{"start":{"line":4,"column":46},"end":{"line":33,"column":1}},"line":4}},"branchMap":{"0":{"loc":{"start":{"line":5,"column":2},"end":{"line":32,"column":3}},"type":"if","locations":[{"start":{"line":5,"column":2},"end":{"line":32,"column":3}},{"start":{"line":14,"column":9},"end":{"line":32,"column":3}}],"line":5},"1":{"loc":{"start":{"line":14,"column":9},"end":{"line":32,"column":3}},"type":"if","locations":[{"start":{"line":14,"column":9},"end":{"line":32,"column":3}},{"start":{"line":22,"column":9},"end":{"line":32,"column":3}}],"line":14}},"s":{"0":5,"1":5,"2":16,"3":10,"4":6,"5":6,"6":0,"7":0,"8":5},"f":{"0":16},"b":{"0":[10,6],"1":[6,0]},"_coverageSchema":"1a1c01bbd47fc00a2c39e90264f33305004495a9","hash":"efceb916a5156cb09718f82d17ed9ba777faf95d"}
,"/Users/kean/Desktop/taskhubnodejs/server/src/middleware/objectIdValidation.js": {"path":"/Users/kean/Desktop/taskhubnodejs/server/src/middleware/objectIdValidation.js","statementMap":{"0":{"start":{"line":1,"column":17},"end":{"line":1,"column":36}},"1":{"start":{"line":2,"column":21},"end":{"line":2,"column":46}},"2":{"start":{"line":4,"column":25},"end":{"line":13,"column":1}},"3":{"start":{"line":5,"column":2},"end":{"line":11,"column":3}},"4":{"start":{"line":6,"column":4},"end":{"line":10,"column":6}},"5":{"start":{"line":12,"column":2},"end":{"line":12,"column":9}},"6":{"start":{"line":15,"column":0},"end":{"line":15,"column":34}}},"fnMap":{"0":{"name":"(anonymous_0)","decl":{"start":{"line":4,"column":25},"end":{"line":4,"column":26}},"loc":{"start":{"line":4,"column":45},"end":{"line":13,"column":1}},"line":4}},"branchMap":{"0":{"loc":{"start":{"line":5,"column":2},"end":{"line":11,"column":3}},"type":"if","locations":[{"start":{"line":5,"column":2},"end":{"line":11,"column":3}},{"start":{},"end":{}}],"line":5}},"s":{"0":5,"1":5,"2":5,"3":17,"4":3,"5":14,"6":5},"f":{"0":17},"b":{"0":[3,14]},"_coverageSchema":"1a1c01bbd47fc00a2c39e90264f33305004495a9","hash":"f5524d93444480a488a4e49f7a96bdc1b11bfe26"}
,"/Users/kean/Desktop/taskhubnodejs/server/src/middleware/validaterequest.js": {"path":"/Users/kean/Desktop/taskhubnodejs/server/src/middleware/validaterequest.js","statementMap":{"0":{"start":{"line":1,"column":28},"end":{"line":1,"column":65}},"1":{"start":{"line":3,"column":24},"end":{"line":13,"column":1}},"2":{"start":{"line":3,"column":36},"end":{"line":13,"column":1}},"3":{"start":{"line":4,"column":17},"end":{"line":4,"column":42}},"4":{"start":{"line":5,"column":2},"end":{"line":11,"column":3}},"5":{"start":{"line":9,"column":19},"end":{"line":9,"column":65}},"6":{"start":{"line":9,"column":53},"end":{"line":9,"column":64}},"7":{"start":{"line":10,"column":4},"end":{"line":10,"column":38}},"8":{"start":{"line":12,"column":2},"end":{"line":12,"column":9}},"9":{"start":{"line":15,"column":0},"end":{"line":15,"column":37}}},"fnMap":{"0":{"name":"(anonymous_0)","decl":{"start":{"line":3,"column":24},"end":{"line":3,"column":25}},"loc":{"start":{"line":3,"column":36},"end":{"line":13,"column":1}},"line":3},"1":{"name":"(anonymous_1)","decl":{"start":{"line":3,"column":36},"end":{"line":3,"column":37}},"loc":{"start":{"line":3,"column":56},"end":{"line":13,"column":1}},"line":3},"2":{"name":"(anonymous_2)","decl":{"start":{"line":9,"column":44},"end":{"line":9,"column":45}},"loc":{"start":{"line":9,"column":53},"end":{"line":9,"column":64}},"line":9}},"branchMap":{"0":{"loc":{"start":{"line":5,"column":2},"end":{"line":11,"column":3}},"type":"if","locations":[{"start":{"line":5,"column":2},"end":{"line":11,"column":3}},{"start":{},"end":{}}],"line":5}},"s":{"0":5,"1":5,"2":30,"3":17,"4":17,"5":6,"6":13,"7":6,"8":11,"9":5},"f":{"0":30,"1":17,"2":13},"b":{"0":[6,11]},"_coverageSchema":"1a1c01bbd47fc00a2c39e90264f33305004495a9","hash":"1b30019d37feeec2e17ecec2386f8f4e64673143"}
,"/Users/kean/Desktop/taskhubnodejs/server/src/middleware/verifyJWT.js": {"path":"/Users/kean/Desktop/taskhubnodejs/server/src/middleware/verifyJWT.js","statementMap":{"0":{"start":{"line":1,"column":12},"end":{"line":1,"column":35}},"1":{"start":{"line":2,"column":32},"end":{"line":2,"column":68}},"2":{"start":{"line":3,"column":0},"end":{"line":3,"column":27}},"3":{"start":{"line":5,"column":26},"end":{"line":21,"column":1}},"4":{"start":{"line":6,"column":21},"end":{"line":6,"column":49}},"5":{"start":{"line":7,"column":2},"end":{"line":9,"column":3}},"6":{"start":{"line":8,"column":4},"end":{"line":8,"column":70}},"7":{"start":{"line":10,"column":16},"end":{"line":10,"column":40}},"8":{"start":{"line":11,"column":2},"end":{"line":20,"column":3}},"9":{"start":{"line":12,"column":20},"end":{"line":12,"column":68}},"10":{"start":{"line":13,"column":4},"end":{"line":13,"column":23}},"11":{"start":{"line":14,"column":4},"end":{"line":14,"column":11}},"12":{"start":{"line":16,"column":4},"end":{"line":18,"column":5}},"13":{"start":{"line":17,"column":6},"end":{"line":17,"column":66}},"14":{"start":{"line":19,"column":4},"end":{"line":19,"column":60}},"15":{"start":{"line":23,"column":27},"end":{"line":37,"column":1}},"16":{"start":{"line":24,"column":27},"end":{"line":24,"column":35}},"17":{"start":{"line":25,"column":2},"end":{"line":36,"column":3}},"18":{"start":{"line":26,"column":20},"end":{"line":26,"column":76}},"19":{"start":{"line":27,"column":17},"end":{"line":30,"column":5}},"20":{"start":{"line":31,"column":27},"end":{"line":31,"column":52}},"21":{"start":{"line":32,"column":4},"end":{"line":32,"column":58}},"22":{"start":{"line":33,"column":4},"end":{"line":33,"column":11}},"23":{"start":{"line":35,"column":4},"end":{"line":35,"column":60}},"24":{"start":{"line":39,"column":0},"end":{"line":39,"column":59}}},"fnMap":{"0":{"name":"(anonymous_0)","decl":{"start":{"line":5,"column":26},"end":{"line":5,"column":27}},"loc":{"start":{"line":5,"column":46},"end":{"line":21,"column":1}},"line":5},"1":{"name":"(anonymous_1)","decl":{"start":{"line":23,"column":27},"end":{"line":23,"column":28}},"loc":{"start":{"line":23,"column":47},"end":{"line":37,"column":1}},"line":23}},"branchMap":{"0":{"loc":{"start":{"line":7,"column":2},"end":{"line":9,"column":3}},"type":"if","locations":[{"start":{"line":7,"column":2},"end":{"line":9,"column":3}},{"start":{},"end":{}}],"line":7},"1":{"loc":{"start":{"line":16,"column":4},"end":{"line":18,"column":5}},"type":"if","locations":[{"start":{"line":16,"column":4},"end":{"line":18,"column":5}},{"start":{},"end":{}}],"line":16}},"s":{"0":5,"1":5,"2":5,"3":5,"4":28,"5":28,"6":5,"7":23,"8":23,"9":23,"10":23,"11":23,"12":0,"13":0,"14":0,"15":5,"16":0,"17":0,"18":0,"19":0,"20":0,"21":0,"22":0,"23":0,"24":5},"f":{"0":28,"1":0},"b":{"0":[5,23],"1":[0,0]},"_coverageSchema":"1a1c01bbd47fc00a2c39e90264f33305004495a9","hash":"9626d1aac17ecaae5f1138265e12cb680cbb3b3a"}
,"/Users/kean/Desktop/taskhubnodejs/server/src/models/boardModel.js": {"path":"/Users/kean/Desktop/taskhubnodejs/server/src/models/boardModel.js","statementMap":{"0":{"start":{"line":1,"column":17},"end":{"line":1,"column":36}},"1":{"start":{"line":3,"column":20},"end":{"line":22,"column":1}},"2":{"start":{"line":24,"column":0},"end":{"line":24,"column":54}}},"fnMap":{},"branchMap":{},"s":{"0":5,"1":5,"2":5},"f":{},"b":{},"_coverageSchema":"1a1c01bbd47fc00a2c39e90264f33305004495a9","hash":"7e62f759ef17a90f693dc96325ed261a70697ad4"}
,"/Users/kean/Desktop/taskhubnodejs/server/src/models/columnModel.js": {"path":"/Users/kean/Desktop/taskhubnodejs/server/src/models/columnModel.js","statementMap":{"0":{"start":{"line":1,"column":17},"end":{"line":1,"column":36}},"1":{"start":{"line":3,"column":21},"end":{"line":9,"column":2}},"2":{"start":{"line":11,"column":0},"end":{"line":11,"column":56}}},"fnMap":{},"branchMap":{},"s":{"0":5,"1":5,"2":5},"f":{},"b":{},"_coverageSchema":"1a1c01bbd47fc00a2c39e90264f33305004495a9","hash":"9d32c28074d5415cc79f1240a0f663e73fe41630"}
,"/Users/kean/Desktop/taskhubnodejs/server/src/models/taskModel.js": {"path":"/Users/kean/Desktop/taskhubnodejs/server/src/models/taskModel.js","statementMap":{"0":{"start":{"line":1,"column":17},"end":{"line":1,"column":36}},"1":{"start":{"line":3,"column":19},"end":{"line":20,"column":2}},"2":{"start":{"line":22,"column":0},"end":{"line":22,"column":52}}},"fnMap":{},"branchMap":{},"s":{"0":5,"1":5,"2":5},"f":{},"b":{},"_coverageSchema":"1a1c01bbd47fc00a2c39e90264f33305004495a9","hash":"9b0801ba2ba7e4f4f2b94b00b9fa1c6854b2cf66"}
,"/Users/kean/Desktop/taskhubnodejs/server/src/models/userModel.js": {"path":"/Users/kean/Desktop/taskhubnodejs/server/src/models/userModel.js","statementMap":{"0":{"start":{"line":1,"column":17},"end":{"line":1,"column":36}},"1":{"start":{"line":3,"column":19},"end":{"line":23,"column":2}},"2":{"start":{"line":25,"column":0},"end":{"line":25,"column":52}}},"fnMap":{},"branchMap":{},"s":{"0":5,"1":5,"2":5},"f":{},"b":{},"_coverageSchema":"1a1c01bbd47fc00a2c39e90264f33305004495a9","hash":"f4c092282c73fbb12bd419d866504e596ae44e49"}
,"/Users/kean/Desktop/taskhubnodejs/server/src/routes/boardRoute.js": {"path":"/Users/kean/Desktop/taskhubnodejs/server/src/routes/boardRoute.js","statementMap":{"0":{"start":{"line":1,"column":16},"end":{"line":1,"column":34}},"1":{"start":{"line":2,"column":15},"end":{"line":2,"column":31}},"2":{"start":{"line":3,"column":24},"end":{"line":3,"column":65}},"3":{"start":{"line":4,"column":20},"end":{"line":4,"column":53}},"4":{"start":{"line":5,"column":25},"end":{"line":5,"column":68}},"5":{"start":{"line":6,"column":30},"end":{"line":6,"column":64}},"6":{"start":{"line":7,"column":28},"end":{"line":7,"column":68}},"7":{"start":{"line":9,"column":0},"end":{"line":9,"column":62}},"8":{"start":{"line":10,"column":0},"end":{"line":15,"column":2}},"9":{"start":{"line":16,"column":0},"end":{"line":21,"column":2}},"10":{"start":{"line":22,"column":0},"end":{"line":28,"column":2}},"11":{"start":{"line":29,"column":0},"end":{"line":34,"column":2}},"12":{"start":{"line":36,"column":0},"end":{"line":36,"column":24}}},"fnMap":{},"branchMap":{},"s":{"0":5,"1":5,"2":5,"3":5,"4":5,"5":5,"6":5,"7":5,"8":5,"9":5,"10":5,"11":5,"12":5},"f":{},"b":{},"_coverageSchema":"1a1c01bbd47fc00a2c39e90264f33305004495a9","hash":"b392b2803d099009885ac38452f766c5270ec487"}
,"/Users/kean/Desktop/taskhubnodejs/server/src/routes/columnRoute.js": {"path":"/Users/kean/Desktop/taskhubnodejs/server/src/routes/columnRoute.js","statementMap":{"0":{"start":{"line":1,"column":16},"end":{"line":1,"column":34}},"1":{"start":{"line":2,"column":15},"end":{"line":2,"column":31}},"2":{"start":{"line":3,"column":25},"end":{"line":3,"column":67}},"3":{"start":{"line":4,"column":21},"end":{"line":4,"column":55}},"4":{"start":{"line":5,"column":25},"end":{"line":5,"column":68}},"5":{"start":{"line":6,"column":30},"end":{"line":6,"column":64}},"6":{"start":{"line":7,"column":28},"end":{"line":7,"column":68}},"7":{"start":{"line":9,"column":0},"end":{"line":14,"column":2}},"8":{"start":{"line":15,"column":0},"end":{"line":21,"column":2}},"9":{"start":{"line":22,"column":0},"end":{"line":28,"column":2}},"10":{"start":{"line":29,"column":0},"end":{"line":34,"column":2}},"11":{"start":{"line":36,"column":0},"end":{"line":36,"column":24}}},"fnMap":{},"branchMap":{},"s":{"0":5,"1":5,"2":5,"3":5,"4":5,"5":5,"6":5,"7":5,"8":5,"9":5,"10":5,"11":5},"f":{},"b":{},"_coverageSchema":"1a1c01bbd47fc00a2c39e90264f33305004495a9","hash":"3bf976395429650dc31e3e0a563af5888c325fd0"}
,"/Users/kean/Desktop/taskhubnodejs/server/src/routes/memberRoute.js": {"path":"/Users/kean/Desktop/taskhubnodejs/server/src/routes/memberRoute.js","statementMap":{"0":{"start":{"line":1,"column":16},"end":{"line":1,"column":34}},"1":{"start":{"line":2,"column":15},"end":{"line":2,"column":31}},"2":{"start":{"line":3,"column":25},"end":{"line":3,"column":67}},"3":{"start":{"line":4,"column":28},"end":{"line":4,"column":68}},"4":{"start":{"line":5,"column":26},"end":{"line":5,"column":60}},"5":{"start":{"line":6,"column":30},"end":{"line":6,"column":64}},"6":{"start":{"line":7,"column":25},"end":{"line":7,"column":68}},"7":{"start":{"line":9,"column":0},"end":{"line":14,"column":2}},"8":{"start":{"line":15,"column":0},"end":{"line":21,"column":2}},"9":{"start":{"line":22,"column":0},"end":{"line":27,"column":2}},"10":{"start":{"line":29,"column":0},"end":{"line":29,"column":24}}},"fnMap":{},"branchMap":{},"s":{"0":5,"1":5,"2":5,"3":5,"4":5,"5":5,"6":5,"7":5,"8":5,"9":5,"10":5},"f":{},"b":{},"_coverageSchema":"1a1c01bbd47fc00a2c39e90264f33305004495a9","hash":"329d18e85ef6eb0b16c5b07960b2d6d5f84847eb"}
,"/Users/kean/Desktop/taskhubnodejs/server/src/routes/taskRoute.js": {"path":"/Users/kean/Desktop/taskhubnodejs/server/src/routes/taskRoute.js","statementMap":{"0":{"start":{"line":1,"column":16},"end":{"line":1,"column":34}},"1":{"start":{"line":2,"column":15},"end":{"line":2,"column":31}},"2":{"start":{"line":3,"column":23},"end":{"line":3,"column":63}},"3":{"start":{"line":4,"column":30},"end":{"line":4,"column":64}},"4":{"start":{"line":6,"column":0},"end":{"line":10,"column":2}},"5":{"start":{"line":11,"column":0},"end":{"line":15,"column":2}},"6":{"start":{"line":16,"column":0},"end":{"line":20,"column":2}},"7":{"start":{"line":22,"column":0},"end":{"line":22,"column":24}}},"fnMap":{},"branchMap":{},"s":{"0":5,"1":5,"2":5,"3":5,"4":5,"5":5,"6":5,"7":5},"f":{},"b":{},"_coverageSchema":"1a1c01bbd47fc00a2c39e90264f33305004495a9","hash":"06aebd5486a736707b92cda882fca858b08e3ab1"}
,"/Users/kean/Desktop/taskhubnodejs/server/src/routes/userRoute.js": {"path":"/Users/kean/Desktop/taskhubnodejs/server/src/routes/userRoute.js","statementMap":{"0":{"start":{"line":1,"column":16},"end":{"line":1,"column":34}},"1":{"start":{"line":2,"column":15},"end":{"line":2,"column":31}},"2":{"start":{"line":3,"column":23},"end":{"line":3,"column":63}},"3":{"start":{"line":4,"column":27},"end":{"line":4,"column":67}},"4":{"start":{"line":5,"column":28},"end":{"line":5,"column":68}},"5":{"start":{"line":6,"column":31},"end":{"line":6,"column":65}},"6":{"start":{"line":8,"column":0},"end":{"line":12,"column":2}},"7":{"start":{"line":13,"column":0},"end":{"line":13,"column":48}},"8":{"start":{"line":14,"column":0},"end":{"line":14,"column":74}},"9":{"start":{"line":16,"column":0},"end":{"line":16,"column":24}}},"fnMap":{},"branchMap":{},"s":{"0":5,"1":5,"2":5,"3":5,"4":5,"5":5,"6":5,"7":5,"8":5,"9":5},"f":{},"b":{},"_coverageSchema":"1a1c01bbd47fc00a2c39e90264f33305004495a9","hash":"37e76687dbf0622be8dde2bebb1545a61db67477"}
,"/Users/kean/Desktop/taskhubnodejs/server/src/schemas/boardSchema.js": {"path":"/Users/kean/Desktop/taskhubnodejs/server/src/schemas/boardSchema.js","statementMap":{"0":{"start":{"line":1,"column":12},"end":{"line":1,"column":26}},"1":{"start":{"line":3,"column":20},"end":{"line":15,"column":33}},"2":{"start":{"line":17,"column":0},"end":{"line":17,"column":29}}},"fnMap":{},"branchMap":{},"s":{"0":5,"1":5,"2":5},"f":{},"b":{},"_coverageSchema":"1a1c01bbd47fc00a2c39e90264f33305004495a9","hash":"65e35f4947b8a47253f960832918938ab7b28ee6"}
,"/Users/kean/Desktop/taskhubnodejs/server/src/schemas/columnSchema.js": {"path":"/Users/kean/Desktop/taskhubnodejs/server/src/schemas/columnSchema.js","statementMap":{"0":{"start":{"line":1,"column":12},"end":{"line":1,"column":26}},"1":{"start":{"line":3,"column":21},"end":{"line":5,"column":2}},"2":{"start":{"line":7,"column":0},"end":{"line":7,"column":30}}},"fnMap":{},"branchMap":{},"s":{"0":5,"1":5,"2":5},"f":{},"b":{},"_coverageSchema":"1a1c01bbd47fc00a2c39e90264f33305004495a9","hash":"660a0b1252de0e4c8c43787ef86979c98236837d"}
,"/Users/kean/Desktop/taskhubnodejs/server/src/schemas/memberSchema.js": {"path":"/Users/kean/Desktop/taskhubnodejs/server/src/schemas/memberSchema.js","statementMap":{"0":{"start":{"line":1,"column":12},"end":{"line":1,"column":26}},"1":{"start":{"line":3,"column":26},"end":{"line":5,"column":2}},"2":{"start":{"line":7,"column":0},"end":{"line":7,"column":35}}},"fnMap":{},"branchMap":{},"s":{"0":5,"1":5,"2":5},"f":{},"b":{},"_coverageSchema":"1a1c01bbd47fc00a2c39e90264f33305004495a9","hash":"5c59c0bbd1cabaa1567fbc659d30f0634f141381"}
,"/Users/kean/Desktop/taskhubnodejs/server/src/schemas/registerUserSchema.js": {"path":"/Users/kean/Desktop/taskhubnodejs/server/src/schemas/registerUserSchema.js","statementMap":{"0":{"start":{"line":1,"column":12},"end":{"line":1,"column":26}},"1":{"start":{"line":3,"column":27},"end":{"line":20,"column":33}},"2":{"start":{"line":22,"column":0},"end":{"line":22,"column":36}}},"fnMap":{},"branchMap":{},"s":{"0":5,"1":5,"2":5},"f":{},"b":{},"_coverageSchema":"1a1c01bbd47fc00a2c39e90264f33305004495a9","hash":"b1cb4189129deccce53c5831cd30f98844661942"}
,"/Users/kean/Desktop/taskhubnodejs/server/src/services/authenticationservice.js": {"path":"/Users/kean/Desktop/taskhubnodejs/server/src/services/authenticationservice.js","statementMap":{"0":{"start":{"line":1,"column":13},"end":{"line":1,"column":43}},"1":{"start":{"line":5,"column":4},"end":{"line":5,"column":37}},"2":{"start":{"line":9,"column":4},"end":{"line":9,"column":40}},"3":{"start":{"line":10,"column":21},"end":{"line":10,"column":58}},"4":{"start":{"line":12,"column":17},"end":{"line":24,"column":1}},"5":{"start":{"line":13,"column":51},"end":{"line":13,"column":59}},"6":{"start":{"line":14,"column":23},"end":{"line":14,"column":52}},"7":{"start":{"line":15,"column":2},"end":{"line":21,"column":3}},"8":{"start":{"line":16,"column":4},"end":{"line":20,"column":6}},"9":{"start":{"line":22,"column":25},"end":{"line":22,"column":53}},"10":{"start":{"line":23,"column":2},"end":{"line":23,"column":78}},"11":{"start":{"line":26,"column":14},"end":{"line":47,"column":1}},"12":{"start":{"line":27,"column":30},"end":{"line":27,"column":38}},"13":{"start":{"line":28,"column":15},"end":{"line":28,"column":44}},"14":{"start":{"line":29,"column":2},"end":{"line":35,"column":3}},"15":{"start":{"line":30,"column":4},"end":{"line":34,"column":6}},"16":{"start":{"line":36,"column":26},"end":{"line":36,"column":78}},"17":{"start":{"line":37,"column":2},"end":{"line":43,"column":3}},"18":{"start":{"line":38,"column":4},"end":{"line":42,"column":6}},"19":{"start":{"line":44,"column":22},"end":{"line":44,"column":47}},"20":{"start":{"line":45,"column":23},"end":{"line":45,"column":49}},"21":{"start":{"line":46,"column":2},"end":{"line":46,"column":39}},"22":{"start":{"line":49,"column":0},"end":{"line":52,"column":2}}},"fnMap":{"0":{"name":"(anonymous_0)","decl":{"start":{"line":12,"column":17},"end":{"line":12,"column":18}},"loc":{"start":{"line":12,"column":37},"end":{"line":24,"column":1}},"line":12},"1":{"name":"(anonymous_1)","decl":{"start":{"line":26,"column":14},"end":{"line":26,"column":15}},"loc":{"start":{"line":26,"column":34},"end":{"line":47,"column":1}},"line":26}},"branchMap":{"0":{"loc":{"start":{"line":15,"column":2},"end":{"line":21,"column":3}},"type":"if","locations":[{"start":{"line":15,"column":2},"end":{"line":21,"column":3}},{"start":{},"end":{}}],"line":15},"1":{"loc":{"start":{"line":29,"column":2},"end":{"line":35,"column":3}},"type":"if","locations":[{"start":{"line":29,"column":2},"end":{"line":35,"column":3}},{"start":{},"end":{}}],"line":29},"2":{"loc":{"start":{"line":37,"column":2},"end":{"line":43,"column":3}},"type":"if","locations":[{"start":{"line":37,"column":2},"end":{"line":43,"column":3}},{"start":{},"end":{}}],"line":37}},"s":{"0":6,"1":6,"2":6,"3":6,"4":6,"5":5,"6":5,"7":5,"8":2,"9":3,"10":3,"11":6,"12":34,"13":34,"14":34,"15":3,"16":31,"17":31,"18":1,"19":30,"20":30,"21":30,"22":6},"f":{"0":5,"1":34},"b":{"0":[2,3],"1":[3,31],"2":[1,30]},"_coverageSchema":"1a1c01bbd47fc00a2c39e90264f33305004495a9","hash":"b315be3be0ca946dbc737d6e343c42ddaa1ff636"}
,"/Users/kean/Desktop/taskhubnodejs/server/src/services/boardservices.js": {"path":"/Users/kean/Desktop/taskhubnodejs/server/src/services/boardservices.js","statementMap":{"0":{"start":{"line":1,"column":21},"end":{"line":1,"column":58}},"1":{"start":{"line":2,"column":14},"end":{"line":2,"column":45}},"2":{"start":{"line":4,"column":21},"end":{"line":12,"column":1}},"3":{"start":{"line":5,"column":42},"end":{"line":5,"column":51}},"4":{"start":{"line":6,"column":19},"end":{"line":10,"column":4}},"5":{"start":{"line":11,"column":2},"end":{"line":11,"column":18}},"6":{"start":{"line":14,"column":26},"end":{"line":28,"column":1}},"7":{"start":{"line":15,"column":17},"end":{"line":26,"column":6}},"8":{"start":{"line":27,"column":2},"end":{"line":27,"column":16}},"9":{"start":{"line":30,"column":30},"end":{"line":36,"column":1}},"10":{"start":{"line":31,"column":16},"end":{"line":31,"column":72}},"11":{"start":{"line":32,"column":2},"end":{"line":34,"column":3}},"12":{"start":{"line":33,"column":4},"end":{"line":33,"column":71}},"13":{"start":{"line":35,"column":2},"end":{"line":35,"column":15}},"14":{"start":{"line":38,"column":24},"end":{"line":52,"column":1}},"15":{"start":{"line":39,"column":22},"end":{"line":43,"column":3}},"16":{"start":{"line":44,"column":2},"end":{"line":50,"column":3}},"17":{"start":{"line":45,"column":4},"end":{"line":49,"column":6}},"18":{"start":{"line":51,"column":2},"end":{"line":51,"column":21}},"19":{"start":{"line":54,"column":24},"end":{"line":67,"column":1}},"20":{"start":{"line":55,"column":22},"end":{"line":58,"column":4}},"21":{"start":{"line":59,"column":2},"end":{"line":65,"column":3}},"22":{"start":{"line":60,"column":4},"end":{"line":64,"column":6}},"23":{"start":{"line":66,"column":2},"end":{"line":66,"column":21}},"24":{"start":{"line":69,"column":0},"end":{"line":75,"column":2}}},"fnMap":{"0":{"name":"(anonymous_0)","decl":{"start":{"line":4,"column":21},"end":{"line":4,"column":22}},"loc":{"start":{"line":4,"column":50},"end":{"line":12,"column":1}},"line":4},"1":{"name":"(anonymous_1)","decl":{"start":{"line":14,"column":26},"end":{"line":14,"column":27}},"loc":{"start":{"line":14,"column":44},"end":{"line":28,"column":1}},"line":14},"2":{"name":"(anonymous_2)","decl":{"start":{"line":30,"column":30},"end":{"line":30,"column":31}},"loc":{"start":{"line":30,"column":57},"end":{"line":36,"column":1}},"line":30},"3":{"name":"(anonymous_3)","decl":{"start":{"line":38,"column":24},"end":{"line":38,"column":25}},"loc":{"start":{"line":38,"column":62},"end":{"line":52,"column":1}},"line":38},"4":{"name":"(anonymous_4)","decl":{"start":{"line":54,"column":24},"end":{"line":54,"column":25}},"loc":{"start":{"line":54,"column":51},"end":{"line":67,"column":1}},"line":54}},"branchMap":{"0":{"loc":{"start":{"line":32,"column":2},"end":{"line":34,"column":3}},"type":"if","locations":[{"start":{"line":32,"column":2},"end":{"line":34,"column":3}},{"start":{},"end":{}}],"line":32},"1":{"loc":{"start":{"line":44,"column":2},"end":{"line":50,"column":3}},"type":"if","locations":[{"start":{"line":44,"column":2},"end":{"line":50,"column":3}},{"start":{},"end":{}}],"line":44},"2":{"loc":{"start":{"line":59,"column":2},"end":{"line":65,"column":3}},"type":"if","locations":[{"start":{"line":59,"column":2},"end":{"line":65,"column":3}},{"start":{},"end":{}}],"line":59}},"s":{"0":5,"1":5,"2":5,"3":1,"4":1,"5":1,"6":5,"7":1,"8":1,"9":5,"10":1,"11":1,"12":0,"13":1,"14":5,"15":1,"16":1,"17":0,"18":1,"19":5,"20":1,"21":1,"22":0,"23":1,"24":5},"f":{"0":1,"1":1,"2":1,"3":1,"4":1},"b":{"0":[0,1],"1":[0,1],"2":[0,1]},"_coverageSchema":"1a1c01bbd47fc00a2c39e90264f33305004495a9","hash":"a3a97dea42a94087c80b4c7e65a8039aa7d077bc"}
,"/Users/kean/Desktop/taskhubnodejs/server/src/services/columnservice.js": {"path":"/Users/kean/Desktop/taskhubnodejs/server/src/services/columnservice.js","statementMap":{"0":{"start":{"line":1,"column":21},"end":{"line":1,"column":58}},"1":{"start":{"line":2,"column":14},"end":{"line":2,"column":45}},"2":{"start":{"line":3,"column":15},"end":{"line":3,"column":47}},"3":{"start":{"line":5,"column":19},"end":{"line":14,"column":1}},"4":{"start":{"line":6,"column":21},"end":{"line":9,"column":24}},"5":{"start":{"line":10,"column":2},"end":{"line":12,"column":3}},"6":{"start":{"line":11,"column":4},"end":{"line":11,"column":71}},"7":{"start":{"line":13,"column":2},"end":{"line":13,"column":20}},"8":{"start":{"line":16,"column":28},"end":{"line":20,"column":1}},"9":{"start":{"line":17,"column":19},"end":{"line":17,"column":52}},"10":{"start":{"line":18,"column":21},"end":{"line":18,"column":37}},"11":{"start":{"line":19,"column":2},"end":{"line":19,"column":20}},"12":{"start":{"line":22,"column":22},"end":{"line":41,"column":1}},"13":{"start":{"line":23,"column":25},"end":{"line":23,"column":35}},"14":{"start":{"line":24,"column":19},"end":{"line":24,"column":52}},"15":{"start":{"line":25,"column":17},"end":{"line":25,"column":52}},"16":{"start":{"line":26,"column":22},"end":{"line":28,"column":3}},"17":{"start":{"line":27,"column":13},"end":{"line":27,"column":42}},"18":{"start":{"line":29,"column":2},"end":{"line":35,"column":3}},"19":{"start":{"line":30,"column":4},"end":{"line":34,"column":6}},"20":{"start":{"line":36,"column":2},"end":{"line":39,"column":4}},"21":{"start":{"line":40,"column":2},"end":{"line":40,"column":16}},"22":{"start":{"line":43,"column":25},"end":{"line":55,"column":1}},"23":{"start":{"line":44,"column":25},"end":{"line":44,"column":35}},"24":{"start":{"line":45,"column":2},"end":{"line":45,"column":36}},"25":{"start":{"line":46,"column":23},"end":{"line":50,"column":3}},"26":{"start":{"line":51,"column":2},"end":{"line":53,"column":3}},"27":{"start":{"line":52,"column":4},"end":{"line":52,"column":73}},"28":{"start":{"line":54,"column":2},"end":{"line":54,"column":22}},"29":{"start":{"line":57,"column":25},"end":{"line":63,"column":1}},"30":{"start":{"line":58,"column":2},"end":{"line":58,"column":36}},"31":{"start":{"line":59,"column":23},"end":{"line":59,"column":63}},"32":{"start":{"line":60,"column":2},"end":{"line":62,"column":3}},"33":{"start":{"line":61,"column":4},"end":{"line":61,"column":73}},"34":{"start":{"line":65,"column":0},"end":{"line":70,"column":2}}},"fnMap":{"0":{"name":"(anonymous_0)","decl":{"start":{"line":5,"column":19},"end":{"line":5,"column":20}},"loc":{"start":{"line":5,"column":46},"end":{"line":14,"column":1}},"line":5},"1":{"name":"(anonymous_1)","decl":{"start":{"line":16,"column":28},"end":{"line":16,"column":29}},"loc":{"start":{"line":16,"column":55},"end":{"line":20,"column":1}},"line":16},"2":{"name":"(anonymous_2)","decl":{"start":{"line":22,"column":22},"end":{"line":22,"column":23}},"loc":{"start":{"line":22,"column":61},"end":{"line":41,"column":1}},"line":22},"3":{"name":"(anonymous_3)","decl":{"start":{"line":27,"column":4},"end":{"line":27,"column":5}},"loc":{"start":{"line":27,"column":13},"end":{"line":27,"column":42}},"line":27},"4":{"name":"(anonymous_4)","decl":{"start":{"line":43,"column":25},"end":{"line":43,"column":26}},"loc":{"start":{"line":43,"column":74},"end":{"line":55,"column":1}},"line":43},"5":{"name":"(anonymous_5)","decl":{"start":{"line":57,"column":25},"end":{"line":57,"column":26}},"loc":{"start":{"line":57,"column":62},"end":{"line":63,"column":1}},"line":57}},"branchMap":{"0":{"loc":{"start":{"line":10,"column":2},"end":{"line":12,"column":3}},"type":"if","locations":[{"start":{"line":10,"column":2},"end":{"line":12,"column":3}},{"start":{},"end":{}}],"line":10},"1":{"loc":{"start":{"line":29,"column":2},"end":{"line":35,"column":3}},"type":"if","locations":[{"start":{"line":29,"column":2},"end":{"line":35,"column":3}},{"start":{},"end":{}}],"line":29},"2":{"loc":{"start":{"line":51,"column":2},"end":{"line":53,"column":3}},"type":"if","locations":[{"start":{"line":51,"column":2},"end":{"line":53,"column":3}},{"start":{},"end":{}}],"line":51},"3":{"loc":{"start":{"line":60,"column":2},"end":{"line":62,"column":3}},"type":"if","locations":[{"start":{"line":60,"column":2},"end":{"line":62,"column":3}},{"start":{},"end":{}}],"line":60}},"s":{"0":5,"1":5,"2":5,"3":5,"4":5,"5":5,"6":0,"7":5,"8":5,"9":1,"10":1,"11":1,"12":5,"13":2,"14":2,"15":2,"16":2,"17":2,"18":2,"19":1,"20":1,"21":1,"22":5,"23":1,"24":1,"25":1,"26":1,"27":0,"28":1,"29":5,"30":1,"31":1,"32":1,"33":0,"34":5},"f":{"0":5,"1":1,"2":2,"3":2,"4":1,"5":1},"b":{"0":[0,5],"1":[1,1],"2":[0,1],"3":[0,1]},"_coverageSchema":"1a1c01bbd47fc00a2c39e90264f33305004495a9","hash":"f3ec2376b959180149634f98be31ab7a5bcf01a4"}
,"/Users/kean/Desktop/taskhubnodejs/server/src/services/memberservice.js": {"path":"/Users/kean/Desktop/taskhubnodejs/server/src/services/memberservice.js","statementMap":{"0":{"start":{"line":1,"column":14},"end":{"line":1,"column":45}},"1":{"start":{"line":2,"column":13},"end":{"line":2,"column":43}},"2":{"start":{"line":3,"column":21},"end":{"line":3,"column":58}},"3":{"start":{"line":5,"column":19},"end":{"line":14,"column":1}},"4":{"start":{"line":6,"column":21},"end":{"line":9,"column":79}},"5":{"start":{"line":10,"column":2},"end":{"line":12,"column":3}},"6":{"start":{"line":11,"column":4},"end":{"line":11,"column":71}},"7":{"start":{"line":13,"column":2},"end":{"line":13,"column":20}},"8":{"start":{"line":16,"column":26},"end":{"line":20,"column":1}},"9":{"start":{"line":17,"column":19},"end":{"line":17,"column":52}},"10":{"start":{"line":18,"column":21},"end":{"line":18,"column":40}},"11":{"start":{"line":19,"column":2},"end":{"line":19,"column":20}},"12":{"start":{"line":22,"column":25},"end":{"line":56,"column":1}},"13":{"start":{"line":23,"column":24},"end":{"line":23,"column":37}},"14":{"start":{"line":24,"column":19},"end":{"line":24,"column":52}},"15":{"start":{"line":25,"column":25},"end":{"line":25,"column":65}},"16":{"start":{"line":26,"column":2},"end":{"line":32,"column":3}},"17":{"start":{"line":27,"column":4},"end":{"line":31,"column":6}},"18":{"start":{"line":33,"column":2},"end":{"line":39,"column":3}},"19":{"start":{"line":34,"column":4},"end":{"line":38,"column":6}},"20":{"start":{"line":40,"column":22},"end":{"line":42,"column":3}},"21":{"start":{"line":41,"column":16},"end":{"line":41,"column":65}},"22":{"start":{"line":44,"column":2},"end":{"line":50,"column":3}},"23":{"start":{"line":45,"column":4},"end":{"line":49,"column":6}},"24":{"start":{"line":51,"column":2},"end":{"line":53,"column":5}},"25":{"start":{"line":54,"column":23},"end":{"line":54,"column":52}},"26":{"start":{"line":55,"column":2},"end":{"line":55,"column":22}},"27":{"start":{"line":58,"column":28},"end":{"line":70,"column":1}},"28":{"start":{"line":59,"column":19},"end":{"line":59,"column":52}},"29":{"start":{"line":60,"column":23},"end":{"line":62,"column":4}},"30":{"start":{"line":63,"column":2},"end":{"line":69,"column":3}},"31":{"start":{"line":64,"column":4},"end":{"line":68,"column":6}},"32":{"start":{"line":72,"column":0},"end":{"line":76,"column":2}}},"fnMap":{"0":{"name":"(anonymous_0)","decl":{"start":{"line":5,"column":19},"end":{"line":5,"column":20}},"loc":{"start":{"line":5,"column":46},"end":{"line":14,"column":1}},"line":5},"1":{"name":"(anonymous_1)","decl":{"start":{"line":16,"column":26},"end":{"line":16,"column":27}},"loc":{"start":{"line":16,"column":53},"end":{"line":20,"column":1}},"line":16},"2":{"name":"(anonymous_2)","decl":{"start":{"line":22,"column":25},"end":{"line":22,"column":26}},"loc":{"start":{"line":22,"column":67},"end":{"line":56,"column":1}},"line":22},"3":{"name":"(anonymous_3)","decl":{"start":{"line":41,"column":4},"end":{"line":41,"column":5}},"loc":{"start":{"line":41,"column":16},"end":{"line":41,"column":65}},"line":41},"4":{"name":"(anonymous_4)","decl":{"start":{"line":58,"column":28},"end":{"line":58,"column":29}},"loc":{"start":{"line":58,"column":65},"end":{"line":70,"column":1}},"line":58}},"branchMap":{"0":{"loc":{"start":{"line":10,"column":2},"end":{"line":12,"column":3}},"type":"if","locations":[{"start":{"line":10,"column":2},"end":{"line":12,"column":3}},{"start":{},"end":{}}],"line":10},"1":{"loc":{"start":{"line":26,"column":2},"end":{"line":32,"column":3}},"type":"if","locations":[{"start":{"line":26,"column":2},"end":{"line":32,"column":3}},{"start":{},"end":{}}],"line":26},"2":{"loc":{"start":{"line":33,"column":2},"end":{"line":39,"column":3}},"type":"if","locations":[{"start":{"line":33,"column":2},"end":{"line":39,"column":3}},{"start":{},"end":{}}],"line":33},"3":{"loc":{"start":{"line":44,"column":2},"end":{"line":50,"column":3}},"type":"if","locations":[{"start":{"line":44,"column":2},"end":{"line":50,"column":3}},{"start":{},"end":{}}],"line":44},"4":{"loc":{"start":{"line":63,"column":2},"end":{"line":69,"column":3}},"type":"if","locations":[{"start":{"line":63,"column":2},"end":{"line":69,"column":3}},{"start":{},"end":{}}],"line":63}},"s":{"0":5,"1":5,"2":5,"3":5,"4":6,"5":6,"6":0,"7":6,"8":5,"9":1,"10":1,"11":1,"12":5,"13":4,"14":4,"15":4,"16":4,"17":1,"18":3,"19":1,"20":2,"21":2,"22":2,"23":1,"24":1,"25":1,"26":1,"27":5,"28":1,"29":1,"30":1,"31":0,"32":5},"f":{"0":6,"1":1,"2":4,"3":2,"4":1},"b":{"0":[0,6],"1":[1,3],"2":[1,2],"3":[1,1],"4":[0,1]},"_coverageSchema":"1a1c01bbd47fc00a2c39e90264f33305004495a9","hash":"70916ddbe3535a463394e940d9815d4c9e5a5e8b"}
,"/Users/kean/Desktop/taskhubnodejs/server/src/services/taskservice.js": {"path":"/Users/kean/Desktop/taskhubnodejs/server/src/services/taskservice.js","statementMap":{"0":{"start":{"line":1,"column":14},"end":{"line":1,"column":45}},"1":{"start":{"line":2,"column":13},"end":{"line":2,"column":43}},"2":{"start":{"line":3,"column":13},"end":{"line":3,"column":43}},"3":{"start":{"line":4,"column":15},"end":{"line":4,"column":47}},"4":{"start":{"line":5,"column":21},"end":{"line":5,"column":58}},"5":{"start":{"line":7,"column":19},"end":{"line":13,"column":1}},"6":{"start":{"line":8,"column":21},"end":{"line":8,"column":77}},"7":{"start":{"line":9,"column":2},"end":{"line":11,"column":3}},"8":{"start":{"line":10,"column":4},"end":{"line":10,"column":71}},"9":{"start":{"line":12,"column":2},"end":{"line":12,"column":20}},"10":{"start":{"line":15,"column":23},"end":{"line":25,"column":1}},"11":{"start":{"line":16,"column":15},"end":{"line":16,"column":55}},"12":{"start":{"line":17,"column":2},"end":{"line":23,"column":3}},"13":{"start":{"line":18,"column":4},"end":{"line":22,"column":6}},"14":{"start":{"line":24,"column":2},"end":{"line":24,"column":14}},"15":{"start":{"line":27,"column":32},"end":{"line":37,"column":1}},"16":{"start":{"line":28,"column":17},"end":{"line":28,"column":73}},"17":{"start":{"line":29,"column":2},"end":{"line":35,"column":3}},"18":{"start":{"line":30,"column":4},"end":{"line":34,"column":6}},"19":{"start":{"line":36,"column":2},"end":{"line":36,"column":16}},"20":{"start":{"line":39,"column":32},"end":{"line":49,"column":1}},"21":{"start":{"line":40,"column":17},"end":{"line":40,"column":72}},"22":{"start":{"line":41,"column":2},"end":{"line":47,"column":3}},"23":{"start":{"line":42,"column":4},"end":{"line":46,"column":6}},"24":{"start":{"line":48,"column":2},"end":{"line":48,"column":16}},"25":{"start":{"line":51,"column":23},"end":{"line":69,"column":1}},"26":{"start":{"line":52,"column":63},"end":{"line":52,"column":71}},"27":{"start":{"line":53,"column":19},"end":{"line":53,"column":52}},"28":{"start":{"line":54,"column":25},"end":{"line":54,"column":29}},"29":{"start":{"line":55,"column":2},"end":{"line":59,"column":3}},"30":{"start":{"line":56,"column":22},"end":{"line":56,"column":54}},"31":{"start":{"line":57,"column":4},"end":{"line":57,"column":63}},"32":{"start":{"line":58,"column":4},"end":{"line":58,"column":37}},"33":{"start":{"line":60,"column":2},"end":{"line":60,"column":54}},"34":{"start":{"line":61,"column":21},"end":{"line":66,"column":4}},"35":{"start":{"line":67,"column":2},"end":{"line":67,"column":80}},"36":{"start":{"line":68,"column":2},"end":{"line":68,"column":20}},"37":{"start":{"line":71,"column":26},"end":{"line":91,"column":1}},"38":{"start":{"line":72,"column":65},"end":{"line":72,"column":73}},"39":{"start":{"line":73,"column":19},"end":{"line":73,"column":52}},"40":{"start":{"line":74,"column":20},"end":{"line":74,"column":52}},"41":{"start":{"line":75,"column":2},"end":{"line":75,"column":61}},"42":{"start":{"line":76,"column":2},"end":{"line":76,"column":56}},"43":{"start":{"line":77,"column":22},"end":{"line":86,"column":3}},"44":{"start":{"line":87,"column":2},"end":{"line":89,"column":3}},"45":{"start":{"line":88,"column":4},"end":{"line":88,"column":75}},"46":{"start":{"line":90,"column":2},"end":{"line":90,"column":21}},"47":{"start":{"line":93,"column":26},"end":{"line":100,"column":1}},"48":{"start":{"line":94,"column":2},"end":{"line":94,"column":36}},"49":{"start":{"line":95,"column":21},"end":{"line":95,"column":57}},"50":{"start":{"line":96,"column":2},"end":{"line":98,"column":3}},"51":{"start":{"line":97,"column":4},"end":{"line":97,"column":75}},"52":{"start":{"line":99,"column":2},"end":{"line":99,"column":20}},"53":{"start":{"line":102,"column":0},"end":{"line":106,"column":2}}},"fnMap":{"0":{"name":"(anonymous_0)","decl":{"start":{"line":7,"column":19},"end":{"line":7,"column":20}},"loc":{"start":{"line":7,"column":46},"end":{"line":13,"column":1}},"line":7},"1":{"name":"(anonymous_1)","decl":{"start":{"line":15,"column":23},"end":{"line":15,"column":24}},"loc":{"start":{"line":15,"column":44},"end":{"line":25,"column":1}},"line":15},"2":{"name":"(anonymous_2)","decl":{"start":{"line":27,"column":32},"end":{"line":27,"column":33}},"loc":{"start":{"line":27,"column":59},"end":{"line":37,"column":1}},"line":27},"3":{"name":"(anonymous_3)","decl":{"start":{"line":39,"column":32},"end":{"line":39,"column":33}},"loc":{"start":{"line":39,"column":61},"end":{"line":49,"column":1}},"line":39},"4":{"name":"(anonymous_4)","decl":{"start":{"line":51,"column":23},"end":{"line":51,"column":24}},"loc":{"start":{"line":51,"column":60},"end":{"line":69,"column":1}},"line":51},"5":{"name":"(anonymous_5)","decl":{"start":{"line":71,"column":26},"end":{"line":71,"column":27}},"loc":{"start":{"line":71,"column":71},"end":{"line":91,"column":1}},"line":71},"6":{"name":"(anonymous_6)","decl":{"start":{"line":93,"column":26},"end":{"line":93,"column":27}},"loc":{"start":{"line":93,"column":61},"end":{"line":100,"column":1}},"line":93}},"branchMap":{"0":{"loc":{"start":{"line":9,"column":2},"end":{"line":11,"column":3}},"type":"if","locations":[{"start":{"line":9,"column":2},"end":{"line":11,"column":3}},{"start":{},"end":{}}],"line":9},"1":{"loc":{"start":{"line":17,"column":2},"end":{"line":23,"column":3}},"type":"if","locations":[{"start":{"line":17,"column":2},"end":{"line":23,"column":3}},{"start":{},"end":{}}],"line":17},"2":{"loc":{"start":{"line":29,"column":2},"end":{"line":35,"column":3}},"type":"if","locations":[{"start":{"line":29,"column":2},"end":{"line":35,"column":3}},{"start":{},"end":{}}],"line":29},"3":{"loc":{"start":{"line":41,"column":2},"end":{"line":47,"column":3}},"type":"if","locations":[{"start":{"line":41,"column":2},"end":{"line":47,"column":3}},{"start":{},"end":{}}],"line":41},"4":{"loc":{"start":{"line":55,"column":2},"end":{"line":59,"column":3}},"type":"if","locations":[{"start":{"line":55,"column":2},"end":{"line":59,"column":3}},{"start":{},"end":{}}],"line":55},"5":{"loc":{"start":{"line":87,"column":2},"end":{"line":89,"column":3}},"type":"if","locations":[{"start":{"line":87,"column":2},"end":{"line":89,"column":3}},{"start":{},"end":{}}],"line":87},"6":{"loc":{"start":{"line":96,"column":2},"end":{"line":98,"column":3}},"type":"if","locations":[{"start":{"line":96,"column":2},"end":{"line":98,"column":3}},{"start":{},"end":{}}],"line":96}},"s":{"0":5,"1":5,"2":5,"3":5,"4":5,"5":5,"6":2,"7":2,"8":0,"9":2,"10":5,"11":1,"12":1,"13":0,"14":1,"15":5,"16":1,"17":1,"18":0,"19":1,"20":5,"21":2,"22":2,"23":0,"24":2,"25":5,"26":2,"27":2,"28":2,"29":2,"30":1,"31":1,"32":1,"33":2,"34":2,"35":2,"36":2,"37":5,"38":0,"39":0,"40":0,"41":0,"42":0,"43":0,"44":0,"45":0,"46":0,"47":5,"48":0,"49":0,"50":0,"51":0,"52":0,"53":5},"f":{"0":2,"1":1,"2":1,"3":2,"4":2,"5":0,"6":0},"b":{"0":[0,2],"1":[0,1],"2":[0,1],"3":[0,2],"4":[1,1],"5":[0,0],"6":[0,0]},"_coverageSchema":"1a1c01bbd47fc00a2c39e90264f33305004495a9","hash":"ab98b920c939cfa58597f871c9db996024c44ee2"}
,"/Users/kean/Desktop/taskhubnodejs/server/src/utils/controllerutils.js": {"path":"/Users/kean/Desktop/taskhubnodejs/server/src/utils/controllerutils.js","statementMap":{"0":{"start":{"line":1,"column":21},"end":{"line":7,"column":1}},"1":{"start":{"line":1,"column":45},"end":{"line":7,"column":1}},"2":{"start":{"line":2,"column":2},"end":{"line":6,"column":3}},"3":{"start":{"line":3,"column":4},"end":{"line":3,"column":39}},"4":{"start":{"line":5,"column":4},"end":{"line":5,"column":23}},"5":{"start":{"line":9,"column":0},"end":{"line":9,"column":34}}},"fnMap":{"0":{"name":"(anonymous_0)","decl":{"start":{"line":1,"column":21},"end":{"line":1,"column":22}},"loc":{"start":{"line":1,"column":45},"end":{"line":7,"column":1}},"line":1},"1":{"name":"(anonymous_1)","decl":{"start":{"line":1,"column":45},"end":{"line":1,"column":46}},"loc":{"start":{"line":1,"column":71},"end":{"line":7,"column":1}},"line":1}},"branchMap":{},"s":{"0":5,"1":90,"2":51,"3":51,"4":7,"5":5},"f":{"0":90,"1":51},"b":{},"_coverageSchema":"1a1c01bbd47fc00a2c39e90264f33305004495a9","hash":"f1795ca5496930f817ece3b49584bbab89734d34"}
,"/Users/kean/Desktop/taskhubnodejs/server/src/utils/generateJWTutils.js": {"path":"/Users/kean/Desktop/taskhubnodejs/server/src/utils/generateJWTutils.js","statementMap":{"0":{"start":{"line":1,"column":12},"end":{"line":1,"column":35}},"1":{"start":{"line":2,"column":0},"end":{"line":2,"column":27}},"2":{"start":{"line":4,"column":28},"end":{"line":14,"column":1}},"3":{"start":{"line":5,"column":18},"end":{"line":8,"column":3}},"4":{"start":{"line":10,"column":18},"end":{"line":12,"column":3}},"5":{"start":{"line":13,"column":2},"end":{"line":13,"column":67}},"6":{"start":{"line":16,"column":29},"end":{"line":26,"column":1}},"7":{"start":{"line":17,"column":18},"end":{"line":20,"column":3}},"8":{"start":{"line":22,"column":18},"end":{"line":24,"column":3}},"9":{"start":{"line":25,"column":2},"end":{"line":25,"column":68}},"10":{"start":{"line":28,"column":0},"end":{"line":31,"column":2}}},"fnMap":{"0":{"name":"(anonymous_0)","decl":{"start":{"line":4,"column":28},"end":{"line":4,"column":29}},"loc":{"start":{"line":4,"column":38},"end":{"line":14,"column":1}},"line":4},"1":{"name":"(anonymous_1)","decl":{"start":{"line":16,"column":29},"end":{"line":16,"column":30}},"loc":{"start":{"line":16,"column":39},"end":{"line":26,"column":1}},"line":16}},"branchMap":{},"s":{"0":5,"1":5,"2":5,"3":29,"4":29,"5":29,"6":5,"7":29,"8":29,"9":29,"10":5},"f":{"0":29,"1":29},"b":{},"_coverageSchema":"1a1c01bbd47fc00a2c39e90264f33305004495a9","hash":"e2ff178108b5dd024306983cfad8474d9fb8fd06"}
,"/Users/kean/Desktop/taskhubnodejs/server/src/utils/passwordUtils.js": {"path":"/Users/kean/Desktop/taskhubnodejs/server/src/utils/passwordUtils.js","statementMap":{"0":{"start":{"line":1,"column":15},"end":{"line":1,"column":32}},"1":{"start":{"line":3,"column":21},"end":{"line":6,"column":1}},"2":{"start":{"line":4,"column":25},"end":{"line":4,"column":56}},"3":{"start":{"line":5,"column":2},"end":{"line":5,"column":24}},"4":{"start":{"line":8,"column":30},"end":{"line":14,"column":1}},"5":{"start":{"line":9,"column":28},"end":{"line":12,"column":3}},"6":{"start":{"line":13,"column":2},"end":{"line":13,"column":27}},"7":{"start":{"line":16,"column":0},"end":{"line":19,"column":2}}},"fnMap":{"0":{"name":"(anonymous_0)","decl":{"start":{"line":3,"column":21},"end":{"line":3,"column":22}},"loc":{"start":{"line":3,"column":41},"end":{"line":6,"column":1}},"line":3},"1":{"name":"(anonymous_1)","decl":{"start":{"line":8,"column":30},"end":{"line":8,"column":31}},"loc":{"start":{"line":8,"column":73},"end":{"line":14,"column":1}},"line":8}},"branchMap":{},"s":{"0":5,"1":5,"2":17,"3":17,"4":5,"5":30,"6":30,"7":5},"f":{"0":17,"1":30},"b":{},"_coverageSchema":"1a1c01bbd47fc00a2c39e90264f33305004495a9","hash":"7f20ac506d3a8599fdd4fa471705a1574ef33973"}
}
