TN:
SF:index.js
FN:24,(anonymous_0)
FN:40,(anonymous_1)
FNF:2
FNH:1
FNDA:5,(anonymous_0)
FNDA:0,(anonymous_1)
DA:1,5
DA:2,5
DA:3,5
DA:4,5
DA:5,5
DA:6,5
DA:7,5
DA:8,5
DA:9,5
DA:10,5
DA:11,5
DA:13,5
DA:14,5
DA:16,5
DA:17,5
DA:18,5
DA:19,5
DA:20,5
DA:22,5
DA:24,5
DA:25,5
DA:26,5
DA:27,5
DA:28,5
DA:29,5
DA:31,0
DA:32,0
DA:39,0
DA:40,0
DA:41,0
DA:44,0
DA:48,5
DA:50,5
LF:33
LH:27
BRDA:26,0,0,5
BRDA:26,0,1,0
BRDA:27,1,0,5
BRDA:27,1,1,0
BRF:4
BRH:2
end_of_record
TN:
SF:src/controllers/boardController.js
FN:10,(anonymous_0)
FN:15,(anonymous_1)
FN:20,(anonymous_2)
FN:28,(anonymous_3)
FN:37,(anonymous_4)
FNF:5
FNH:5
FNDA:1,(anonymous_0)
FNDA:1,(anonymous_1)
FNDA:1,(anonymous_2)
FNDA:1,(anonymous_3)
FNDA:1,(anonymous_4)
DA:1,5
DA:8,5
DA:10,5
DA:11,1
DA:12,1
DA:15,5
DA:16,1
DA:17,1
DA:20,5
DA:21,1
DA:25,1
DA:28,5
DA:29,1
DA:34,1
DA:37,5
DA:38,1
DA:42,1
DA:45,5
LF:18
LH:18
BRF:0
BRH:0
end_of_record
TN:
SF:src/controllers/columnController.js
FN:9,(anonymous_0)
FN:17,(anonymous_1)
FN:26,(anonymous_2)
FN:36,(anonymous_3)
FNF:4
FNH:4
FNDA:1,(anonymous_0)
FNDA:2,(anonymous_1)
FNDA:1,(anonymous_2)
FNDA:1,(anonymous_3)
DA:1,5
DA:7,5
DA:9,5
DA:10,1
DA:14,1
DA:17,5
DA:18,2
DA:23,1
DA:26,5
DA:27,1
DA:33,1
DA:36,5
DA:37,1
DA:42,1
DA:45,5
LF:15
LH:15
BRF:0
BRH:0
end_of_record
TN:
SF:src/controllers/memberController.js
FN:8,(anonymous_0)
FN:13,(anonymous_1)
FN:22,(anonymous_2)
FNF:3
FNH:3
FNDA:1,(anonymous_0)
FNDA:4,(anonymous_1)
FNDA:1,(anonymous_2)
DA:1,5
DA:6,5
DA:8,5
DA:9,1
DA:10,1
DA:13,5
DA:14,4
DA:19,1
DA:22,5
DA:23,1
DA:28,1
DA:33,5
LF:12
LH:12
BRF:0
BRH:0
end_of_record
TN:
SF:src/controllers/taskController.js
FN:8,(anonymous_0)
FN:17,(anonymous_1)
FN:27,(anonymous_2)
FNF:3
FNH:1
FNDA:2,(anonymous_0)
FNDA:0,(anonymous_1)
FNDA:0,(anonymous_2)
DA:1,5
DA:6,5
DA:8,5
DA:9,2
DA:14,2
DA:17,5
DA:18,0
DA:24,0
DA:27,5
DA:28,0
DA:33,0
DA:36,5
LF:12
LH:8
BRF:0
BRH:0
end_of_record
TN:
SF:src/controllers/userController.js
FN:5,(anonymous_0)
FN:10,(anonymous_1)
FN:19,(anonymous_2)
FNF:3
FNH:2
FNDA:2,(anonymous_0)
FNDA:31,(anonymous_1)
FNDA:0,(anonymous_2)
DA:1,5
DA:2,5
DA:3,5
DA:5,5
DA:6,2
DA:7,1
DA:10,5
DA:11,31
DA:12,29
DA:19,5
DA:20,0
DA:21,0
DA:22,0
DA:30,5
LF:14
LH:11
BRDA:21,0,0,0
BRDA:21,0,1,0
BRF:2
BRH:0
end_of_record
TN:
SF:src/middleware/customerrors.js
FN:2,(anonymous_0)
FN:11,(anonymous_1)
FNF:2
FNH:2
FNDA:13,(anonymous_0)
FNDA:6,(anonymous_1)
DA:3,13
DA:4,13
DA:5,13
DA:6,13
DA:12,6
DA:13,6
DA:17,6
LF:7
LH:7
BRF:0
BRH:0
end_of_record
TN:
SF:src/middleware/globalerrorhandler.js
FN:4,(anonymous_0)
FNF:1
FNH:1
FNDA:16,(anonymous_0)
DA:1,5
DA:4,5
DA:5,16
DA:6,10
DA:14,6
DA:15,6
DA:23,0
DA:24,0
DA:35,5
LF:9
LH:7
BRDA:5,0,0,10
BRDA:5,0,1,6
BRDA:14,1,0,6
BRDA:14,1,1,0
BRF:4
BRH:3
end_of_record
TN:
SF:src/middleware/objectIdValidation.js
FN:4,(anonymous_0)
FNF:1
FNH:1
FNDA:17,(anonymous_0)
DA:1,5
DA:2,5
DA:4,5
DA:5,17
DA:6,3
DA:12,14
DA:15,5
LF:7
LH:7
BRDA:5,0,0,3
BRDA:5,0,1,14
BRF:2
BRH:2
end_of_record
TN:
SF:src/middleware/validaterequest.js
FN:3,(anonymous_0)
FN:3,(anonymous_1)
FN:9,(anonymous_2)
FNF:3
FNH:3
FNDA:30,(anonymous_0)
FNDA:17,(anonymous_1)
FNDA:13,(anonymous_2)
DA:1,5
DA:3,30
DA:4,17
DA:5,17
DA:9,13
DA:10,6
DA:12,11
DA:15,5
LF:8
LH:8
BRDA:5,0,0,6
BRDA:5,0,1,11
BRF:2
BRH:2
end_of_record
TN:
SF:src/middleware/verifyJWT.js
FN:5,(anonymous_0)
FN:23,(anonymous_1)
FNF:2
FNH:1
FNDA:28,(anonymous_0)
FNDA:0,(anonymous_1)
DA:1,5
DA:2,5
DA:3,5
DA:5,5
DA:6,28
DA:7,28
DA:8,5
DA:10,23
DA:11,23
DA:12,23
DA:13,23
DA:14,23
DA:16,0
DA:17,0
DA:19,0
DA:23,5
DA:24,0
DA:25,0
DA:26,0
DA:27,0
DA:31,0
DA:32,0
DA:33,0
DA:35,0
DA:39,5
LF:25
LH:14
BRDA:7,0,0,5
BRDA:7,0,1,23
BRDA:16,1,0,0
BRDA:16,1,1,0
BRF:4
BRH:2
end_of_record
TN:
SF:src/models/boardModel.js
FNF:0
FNH:0
DA:1,5
DA:3,5
DA:24,5
LF:3
LH:3
BRF:0
BRH:0
end_of_record
TN:
SF:src/models/columnModel.js
FNF:0
FNH:0
DA:1,5
DA:3,5
DA:11,5
LF:3
LH:3
BRF:0
BRH:0
end_of_record
TN:
SF:src/models/taskModel.js
FNF:0
FNH:0
DA:1,5
DA:3,5
DA:22,5
LF:3
LH:3
BRF:0
BRH:0
end_of_record
TN:
SF:src/models/userModel.js
FNF:0
FNH:0
DA:1,5
DA:3,5
DA:25,5
LF:3
LH:3
BRF:0
BRH:0
end_of_record
TN:
SF:src/routes/boardRoute.js
FNF:0
FNH:0
DA:1,5
DA:2,5
DA:3,5
DA:4,5
DA:5,5
DA:6,5
DA:7,5
DA:9,5
DA:10,5
DA:16,5
DA:22,5
DA:29,5
DA:36,5
LF:13
LH:13
BRF:0
BRH:0
end_of_record
TN:
SF:src/routes/columnRoute.js
FNF:0
FNH:0
DA:1,5
DA:2,5
DA:3,5
DA:4,5
DA:5,5
DA:6,5
DA:7,5
DA:9,5
DA:15,5
DA:22,5
DA:29,5
DA:36,5
LF:12
LH:12
BRF:0
BRH:0
end_of_record
TN:
SF:src/routes/memberRoute.js
FNF:0
FNH:0
DA:1,5
DA:2,5
DA:3,5
DA:4,5
DA:5,5
DA:6,5
DA:7,5
DA:9,5
DA:15,5
DA:22,5
DA:29,5
LF:11
LH:11
BRF:0
BRH:0
end_of_record
TN:
SF:src/routes/taskRoute.js
FNF:0
FNH:0
DA:1,5
DA:2,5
DA:3,5
DA:4,5
DA:6,5
DA:11,5
DA:16,5
DA:22,5
LF:8
LH:8
BRF:0
BRH:0
end_of_record
TN:
SF:src/routes/userRoute.js
FNF:0
FNH:0
DA:1,5
DA:2,5
DA:3,5
DA:4,5
DA:5,5
DA:6,5
DA:8,5
DA:13,5
DA:14,5
DA:16,5
LF:10
LH:10
BRF:0
BRH:0
end_of_record
TN:
SF:src/schemas/boardSchema.js
FNF:0
FNH:0
DA:1,5
DA:3,5
DA:17,5
LF:3
LH:3
BRF:0
BRH:0
end_of_record
TN:
SF:src/schemas/columnSchema.js
FNF:0
FNH:0
DA:1,5
DA:3,5
DA:7,5
LF:3
LH:3
BRF:0
BRH:0
end_of_record
TN:
SF:src/schemas/memberSchema.js
FNF:0
FNH:0
DA:1,5
DA:3,5
DA:7,5
LF:3
LH:3
BRF:0
BRH:0
end_of_record
TN:
SF:src/schemas/registerUserSchema.js
FNF:0
FNH:0
DA:1,5
DA:3,5
DA:22,5
LF:3
LH:3
BRF:0
BRH:0
end_of_record
TN:
SF:src/services/authenticationservice.js
FN:12,(anonymous_0)
FN:26,(anonymous_1)
FNF:2
FNH:2
FNDA:5,(anonymous_0)
FNDA:34,(anonymous_1)
DA:1,6
DA:5,6
DA:9,6
DA:10,6
DA:12,6
DA:13,5
DA:14,5
DA:15,5
DA:16,2
DA:22,3
DA:23,3
DA:26,6
DA:27,34
DA:28,34
DA:29,34
DA:30,3
DA:36,31
DA:37,31
DA:38,1
DA:44,30
DA:45,30
DA:46,30
DA:49,6
LF:23
LH:23
BRDA:15,0,0,2
BRDA:15,0,1,3
BRDA:29,1,0,3
BRDA:29,1,1,31
BRDA:37,2,0,1
BRDA:37,2,1,30
BRF:6
BRH:6
end_of_record
TN:
SF:src/services/boardservices.js
FN:4,(anonymous_0)
FN:14,(anonymous_1)
FN:30,(anonymous_2)
FN:38,(anonymous_3)
FN:54,(anonymous_4)
FNF:5
FNH:5
FNDA:1,(anonymous_0)
FNDA:1,(anonymous_1)
FNDA:1,(anonymous_2)
FNDA:1,(anonymous_3)
FNDA:1,(anonymous_4)
DA:1,5
DA:2,5
DA:4,5
DA:5,1
DA:6,1
DA:11,1
DA:14,5
DA:15,1
DA:27,1
DA:30,5
DA:31,1
DA:32,1
DA:33,0
DA:35,1
DA:38,5
DA:39,1
DA:44,1
DA:45,0
DA:51,1
DA:54,5
DA:55,1
DA:59,1
DA:60,0
DA:66,1
DA:69,5
LF:25
LH:22
BRDA:32,0,0,0
BRDA:32,0,1,1
BRDA:44,1,0,0
BRDA:44,1,1,1
BRDA:59,2,0,0
BRDA:59,2,1,1
BRF:6
BRH:3
end_of_record
TN:
SF:src/services/columnservice.js
FN:5,(anonymous_0)
FN:16,(anonymous_1)
FN:22,(anonymous_2)
FN:27,(anonymous_3)
FN:43,(anonymous_4)
FN:57,(anonymous_5)
FNF:6
FNH:6
FNDA:5,(anonymous_0)
FNDA:1,(anonymous_1)
FNDA:2,(anonymous_2)
FNDA:2,(anonymous_3)
FNDA:1,(anonymous_4)
FNDA:1,(anonymous_5)
DA:1,5
DA:2,5
DA:3,5
DA:5,5
DA:6,5
DA:10,5
DA:11,0
DA:13,5
DA:16,5
DA:17,1
DA:18,1
DA:19,1
DA:22,5
DA:23,2
DA:24,2
DA:25,2
DA:26,2
DA:27,2
DA:29,2
DA:30,1
DA:36,1
DA:40,1
DA:43,5
DA:44,1
DA:45,1
DA:46,1
DA:51,1
DA:52,0
DA:54,1
DA:57,5
DA:58,1
DA:59,1
DA:60,1
DA:61,0
DA:65,5
LF:35
LH:32
BRDA:10,0,0,0
BRDA:10,0,1,5
BRDA:29,1,0,1
BRDA:29,1,1,1
BRDA:51,2,0,0
BRDA:51,2,1,1
BRDA:60,3,0,0
BRDA:60,3,1,1
BRF:8
BRH:5
end_of_record
TN:
SF:src/services/memberservice.js
FN:5,(anonymous_0)
FN:16,(anonymous_1)
FN:22,(anonymous_2)
FN:41,(anonymous_3)
FN:58,(anonymous_4)
FNF:5
FNH:5
FNDA:6,(anonymous_0)
FNDA:1,(anonymous_1)
FNDA:4,(anonymous_2)
FNDA:2,(anonymous_3)
FNDA:1,(anonymous_4)
DA:1,5
DA:2,5
DA:3,5
DA:5,5
DA:6,6
DA:10,6
DA:11,0
DA:13,6
DA:16,5
DA:17,1
DA:18,1
DA:19,1
DA:22,5
DA:23,4
DA:24,4
DA:25,4
DA:26,4
DA:27,1
DA:33,3
DA:34,1
DA:40,2
DA:41,2
DA:44,2
DA:45,1
DA:51,1
DA:54,1
DA:55,1
DA:58,5
DA:59,1
DA:60,1
DA:63,1
DA:64,0
DA:72,5
LF:33
LH:31
BRDA:10,0,0,0
BRDA:10,0,1,6
BRDA:26,1,0,1
BRDA:26,1,1,3
BRDA:33,2,0,1
BRDA:33,2,1,2
BRDA:44,3,0,1
BRDA:44,3,1,1
BRDA:63,4,0,0
BRDA:63,4,1,1
BRF:10
BRH:8
end_of_record
TN:
SF:src/services/taskservice.js
FN:7,(anonymous_0)
FN:15,(anonymous_1)
FN:27,(anonymous_2)
FN:39,(anonymous_3)
FN:51,(anonymous_4)
FN:71,(anonymous_5)
FN:93,(anonymous_6)
FNF:7
FNH:5
FNDA:2,(anonymous_0)
FNDA:1,(anonymous_1)
FNDA:1,(anonymous_2)
FNDA:2,(anonymous_3)
FNDA:2,(anonymous_4)
FNDA:0,(anonymous_5)
FNDA:0,(anonymous_6)
DA:1,5
DA:2,5
DA:3,5
DA:4,5
DA:5,5
DA:7,5
DA:8,2
DA:9,2
DA:10,0
DA:12,2
DA:15,5
DA:16,1
DA:17,1
DA:18,0
DA:24,1
DA:27,5
DA:28,1
DA:29,1
DA:30,0
DA:36,1
DA:39,5
DA:40,2
DA:41,2
DA:42,0
DA:48,2
DA:51,5
DA:52,2
DA:53,2
DA:54,2
DA:55,2
DA:56,1
DA:57,1
DA:58,1
DA:60,2
DA:61,2
DA:67,2
DA:68,2
DA:71,5
DA:72,0
DA:73,0
DA:74,0
DA:75,0
DA:76,0
DA:77,0
DA:87,0
DA:88,0
DA:90,0
DA:93,5
DA:94,0
DA:95,0
DA:96,0
DA:97,0
DA:99,0
DA:102,5
LF:54
LH:36
BRDA:9,0,0,0
BRDA:9,0,1,2
BRDA:17,1,0,0
BRDA:17,1,1,1
BRDA:29,2,0,0
BRDA:29,2,1,1
BRDA:41,3,0,0
BRDA:41,3,1,2
BRDA:55,4,0,1
BRDA:55,4,1,1
BRDA:87,5,0,0
BRDA:87,5,1,0
BRDA:96,6,0,0
BRDA:96,6,1,0
BRF:14
BRH:6
end_of_record
TN:
SF:src/utils/controllerutils.js
FN:1,(anonymous_0)
FN:1,(anonymous_1)
FNF:2
FNH:2
FNDA:90,(anonymous_0)
FNDA:51,(anonymous_1)
DA:1,90
DA:2,51
DA:3,51
DA:5,7
DA:9,5
LF:5
LH:5
BRF:0
BRH:0
end_of_record
TN:
SF:src/utils/generateJWTutils.js
FN:4,(anonymous_0)
FN:16,(anonymous_1)
FNF:2
FNH:2
FNDA:29,(anonymous_0)
FNDA:29,(anonymous_1)
DA:1,5
DA:2,5
DA:4,5
DA:5,29
DA:10,29
DA:13,29
DA:16,5
DA:17,29
DA:22,29
DA:25,29
DA:28,5
LF:11
LH:11
BRF:0
BRH:0
end_of_record
TN:
SF:src/utils/passwordUtils.js
FN:3,(anonymous_0)
FN:8,(anonymous_1)
FNF:2
FNH:2
FNDA:17,(anonymous_0)
FNDA:30,(anonymous_1)
DA:1,5
DA:3,5
DA:4,17
DA:5,17
DA:8,5
DA:9,30
DA:13,30
DA:16,5
LF:8
LH:8
BRF:0
BRH:0
end_of_record
